#
# There is insufficient memory for the Java Runtime Environment to continue.
# Native memory allocation (malloc) failed to allocate 194256 bytes for Chunk::new
# Possible reasons:
#   The system is out of physical RAM or swap space
#   In 32 bit mode, the process size limit was hit
# Possible solutions:
#   Reduce memory load on the system
#   Increase physical memory or swap space
#   Check if swap backing store is full
#   Use 64 bit Java on a 64 bit OS
#   Decrease Java heap size (-Xmx/-Xms)
#   Decrease number of Java threads
#   Decrease Java thread stack sizes (-Xss)
#   Set larger code cache with -XX:ReservedCodeCacheSize=
# This output file may be truncated or incomplete.
#
#  Out of Memory Error (allocation.cpp:390), pid=2476, tid=36720
#
# JRE version: Java(TM) SE Runtime Environment (8.0_77-b03) (build 1.8.0_77-b03)
# Java VM: Java HotSpot(TM) 64-Bit Server VM (25.77-b03 mixed mode windows-amd64 compressed oops)
# Failed to write core dump. Minidumps are not enabled by default on client versions of Windows
#

---------------  T H R E A D  ---------------

Current thread (0x000000001e1cf800):  JavaThread "C2 CompilerThread2" daemon [_thread_in_native, id=36720, stack(0x000000001ead0000,0x000000001ebd0000)]

Stack: [0x000000001ead0000,0x000000001ebd0000]
[error occurred during error reporting (printing stack bounds), id 0xc0000005]

Native frames: (J=compiled Java code, j=interpreted, Vv=VM code, C=native code)


Current CompileTask:
C2:   2084 1725  s    4       sun.misc.URLClassPath::getNextLoader (88 bytes)


---------------  P R O C E S S  ---------------

Java Threads: ( => current thread )
  0x000000001fb6f800 JavaThread "Keep-Alive-Timer" daemon [_thread_blocked, id=25816, stack(0x0000000020ea0000,0x0000000020fa0000)]
  0x000000001e27b800 JavaThread "Service Thread" daemon [_thread_blocked, id=23568, stack(0x000000001ecd0000,0x000000001edd0000)]
  0x000000001e1d7000 JavaThread "C1 CompilerThread3" daemon [_thread_in_vm, id=22932, stack(0x000000001ebd0000,0x000000001ecd0000)]
=>0x000000001e1cf800 JavaThread "C2 CompilerThread2" daemon [_thread_in_native, id=36720, stack(0x000000001ead0000,0x000000001ebd0000)]
  0x000000001e1ce000 JavaThread "C2 CompilerThread1" daemon [_thread_in_native, id=34888, stack(0x000000001e9d0000,0x000000001ead0000)]
  0x000000001e1cc000 JavaThread "C2 CompilerThread0" daemon [_thread_in_native, id=24632, stack(0x000000001e8d0000,0x000000001e9d0000)]
  0x000000001e1c5800 JavaThread "Attach Listener" daemon [_thread_blocked, id=25116, stack(0x000000001e7d0000,0x000000001e8d0000)]
  0x000000001e17b000 JavaThread "Signal Dispatcher" daemon [_thread_blocked, id=35956, stack(0x000000001e6d0000,0x000000001e7d0000)]
  0x000000001e160800 JavaThread "Finalizer" daemon [_thread_blocked, id=22272, stack(0x000000001e540000,0x000000001e640000)]
  0x00000000027d9000 JavaThread "Reference Handler" daemon [_thread_blocked, id=19616, stack(0x000000001e040000,0x000000001e140000)]
  0x00000000026e3000 JavaThread "main" [_thread_in_Java, id=12632, stack(0x0000000002200000,0x0000000002300000)]

Other Threads:
  0x000000001c239800 VMThread [stack: 0x000000001df40000,0x000000001e040000] [id=12576]
  0x000000001e2cd800 WatcherThread [stack: 0x000000001edd0000,0x000000001eed0000] [id=21176]

VM state:not at safepoint (normal execution)

VM Mutex/Monitor currently owned by a thread:  ([mutex/lock_event])
[0x00000000026e07d0] Compile_lock - owner thread: 0x0000000000000000
[0x00000000026e01d0] MethodCompileQueue_lock - owner thread: 0x000000001e1d7000

Heap:
 PSYoungGen      total 76288K, used 43631K [0x000000076b180000, 0x0000000770680000, 0x00000007c0000000)
  eden space 65536K, 66% used [0x000000076b180000,0x000000076dc1bee0,0x000000076f180000)
  from space 10752K, 0% used [0x000000076fc00000,0x000000076fc00000,0x0000000770680000)
  to   space 10752K, 0% used [0x000000076f180000,0x000000076f180000,0x000000076fc00000)
 ParOldGen       total 175104K, used 0K [0x00000006c1400000, 0x00000006cbf00000, 0x000000076b180000)
  object space 175104K, 0% used [0x00000006c1400000,0x00000006c1400000,0x00000006cbf00000)
 Metaspace       used 16530K, capacity 16934K, committed 17280K, reserved 1069056K
  class space    used 1983K, capacity 2093K, committed 2176K, reserved 1048576K

Card table byte_map: [0x0000000011ba0000,0x00000000123a0000] byte_map_base: 0x000000000e596000

Marking Bits: (ParMarkBitMap*) 0x0000000075fd0600
 Begin Bits: [0x00000000130f0000, 0x00000000170a0000)
 End Bits:   [0x00000000170a0000, 0x000000001b050000)

Polling page: 0x00000000009c0000

CodeCache: size=245760Kb used=5616Kb max_used=5616Kb free=240143Kb
 bounds [0x00000000027e0000, 0x0000000002d70000, 0x00000000117e0000]
 total_blobs=2163 nmethods=1750 adapters=325
 compilation: enabled

Compilation events (10 events):
Event: 2.081 Thread 0x000000001e1d7000 1741       3       com.sun.xml.internal.bind.v2.model.nav.ReflectionNavigator::asDecl (6 bytes)
Event: 2.081 Thread 0x000000001e1d7000 nmethod 1741 0x0000000002d587d0 code [0x0000000002d58920, 0x0000000002d58b50]
Event: 2.081 Thread 0x000000001e1d7000 1743       1       java.util.Collections$1::hasNext (5 bytes)
Event: 2.081 Thread 0x000000001e1d7000 nmethod 1743 0x0000000002d58510 code [0x0000000002d58660, 0x0000000002d58770]
Event: 2.081 Thread 0x000000001e1d7000 1742       1       java.util.TreeMap::size (5 bytes)
Event: 2.081 Thread 0x000000001e1d7000 nmethod 1742 0x0000000002d58250 code [0x0000000002d583a0, 0x0000000002d584b0]
Event: 2.081 Thread 0x000000001e1d7000 1744       3       com.sun.xml.internal.bind.v2.model.impl.RuntimeClassInfoImpl$RuntimePropertySeed::getRawType (5 bytes)
Event: 2.082 Thread 0x000000001e1d7000 nmethod 1744 0x0000000002d57bd0 code [0x0000000002d57d40, 0x0000000002d58148]
Event: 2.082 Thread 0x000000001e1d7000 1745       3       com.sun.xml.internal.bind.v2.model.impl.RuntimeClassInfoImpl$RuntimePropertySeed::getRawType (13 bytes)
Event: 2.082 Thread 0x000000001e1d7000 nmethod 1745 0x0000000002d57650 code [0x0000000002d577c0, 0x0000000002d57ae8]

GC Heap History (0 events):
No events

Deoptimization events (10 events):
Event: 0.508 Thread 0x00000000026e3000 Uncommon trap: reason=unstable_if action=reinterpret pc=0x00000000029eb470 method=java.lang.AbstractStringBuilder.append(Ljava/lang/String;)Ljava/lang/AbstractStringBuilder; @ 1
Event: 0.512 Thread 0x00000000026e3000 Uncommon trap: reason=unstable_if action=reinterpret pc=0x0000000002997fdc method=sun.nio.cs.UTF_8$Encoder.encode([CII[B)I @ 33
Event: 0.661 Thread 0x00000000026e3000 Uncommon trap: reason=unstable_if action=reinterpret pc=0x0000000002a65da8 method=java.util.HashMap.putVal(ILjava/lang/Object;Ljava/lang/Object;ZZ)Ljava/lang/Object; @ 236
Event: 0.668 Thread 0x00000000026e3000 Uncommon trap: reason=unstable_if action=reinterpret pc=0x0000000002b99d90 method=java.util.regex.Pattern.has(I)Z @ 6
Event: 0.669 Thread 0x00000000026e3000 Uncommon trap: reason=unstable_if action=reinterpret pc=0x0000000002a17efc method=java.lang.CharacterDataLatin1.isWhitespace(I)Z @ 14
Event: 0.676 Thread 0x00000000026e3000 Uncommon trap: reason=unstable_if action=reinterpret pc=0x0000000002995db8 method=java.lang.String.startsWith(Ljava/lang/String;I)Z @ 25
Event: 1.544 Thread 0x00000000026e3000 Uncommon trap: reason=unstable_if action=reinterpret pc=0x0000000002c4d1ac method=java.io.ByteArrayInputStream.read()I @ 8
Event: 1.632 Thread 0x00000000026e3000 Uncommon trap: reason=unstable_if action=reinterpret pc=0x0000000002c13254 method=java.lang.CharacterDataLatin1.digit(II)I @ 82
Event: 1.632 Thread 0x00000000026e3000 Uncommon trap: reason=unstable_if action=reinterpret pc=0x0000000002c200d4 method=java.lang.CharacterDataLatin1.digit(II)I @ 82
Event: 1.819 Thread 0x00000000026e3000 Uncommon trap: reason=unstable_if action=reinterpret pc=0x0000000002af8544 method=java.lang.String.indexOf([CII[CIII)I @ 27

Internal exceptions (10 events):
Event: 0.602 Thread 0x00000000026e3000 Exception <a 'sun/nio/fs/WindowsException'> (0x000000076c744650) thrown at [D:\re\workspace\8-2-build-windows-amd64-cygwin\jdk8u77\6540\hotspot\src\share\vm\prims\jni.cpp, line 709]
Event: 0.602 Thread 0x00000000026e3000 Exception <a 'sun/nio/fs/WindowsException'> (0x000000076c7472c0) thrown at [D:\re\workspace\8-2-build-windows-amd64-cygwin\jdk8u77\6540\hotspot\src\share\vm\prims\jni.cpp, line 709]
Event: 0.602 Thread 0x00000000026e3000 Exception <a 'sun/nio/fs/WindowsException'> (0x000000076c747810) thrown at [D:\re\workspace\8-2-build-windows-amd64-cygwin\jdk8u77\6540\hotspot\src\share\vm\prims\jni.cpp, line 709]
Event: 0.603 Thread 0x00000000026e3000 Exception <a 'sun/nio/fs/WindowsException'> (0x000000076c748238) thrown at [D:\re\workspace\8-2-build-windows-amd64-cygwin\jdk8u77\6540\hotspot\src\share\vm\prims\jni.cpp, line 709]
Event: 0.603 Thread 0x00000000026e3000 Exception <a 'sun/nio/fs/WindowsException'> (0x000000076c7487c0) thrown at [D:\re\workspace\8-2-build-windows-amd64-cygwin\jdk8u77\6540\hotspot\src\share\vm\prims\jni.cpp, line 709]
Event: 0.604 Thread 0x00000000026e3000 Exception <a 'sun/nio/fs/WindowsException'> (0x000000076c74b998) thrown at [D:\re\workspace\8-2-build-windows-amd64-cygwin\jdk8u77\6540\hotspot\src\share\vm\prims\jni.cpp, line 709]
Event: 0.604 Thread 0x00000000026e3000 Exception <a 'sun/nio/fs/WindowsException'> (0x000000076c74bec0) thrown at [D:\re\workspace\8-2-build-windows-amd64-cygwin\jdk8u77\6540\hotspot\src\share\vm\prims\jni.cpp, line 709]
Event: 0.604 Thread 0x00000000026e3000 Exception <a 'sun/nio/fs/WindowsException'> (0x000000076c74c8c0) thrown at [D:\re\workspace\8-2-build-windows-amd64-cygwin\jdk8u77\6540\hotspot\src\share\vm\prims\jni.cpp, line 709]
Event: 0.604 Thread 0x00000000026e3000 Exception <a 'sun/nio/fs/WindowsException'> (0x000000076c74ce20) thrown at [D:\re\workspace\8-2-build-windows-amd64-cygwin\jdk8u77\6540\hotspot\src\share\vm\prims\jni.cpp, line 709]
Event: 2.073 Thread 0x00000000026e3000 Exception <a 'java/lang/ClassNotFoundException': com/sun/org/glassfish/hk2/osgiresourcelocator/ServiceLoader> (0x000000076d93af50) thrown at [D:\re\workspace\8-2-build-windows-amd64-cygwin\jdk8u77\6540\hotspot\src\share\vm\classfile\systemDictionary.cpp, lwé∑K—@„?

Events (10 events):
Event: 2.066 loading class com/android/repository/api/ProgressIndicator
Event: 2.066 loading class com/android/repository/api/ProgressIndicator done
Event: 2.067 loading class com/android/repository/api/ProgressIndicator
Event: 2.067 loading class com/android/repository/api/ProgressIndicator done
Event: 2.070 Executing VM operation: CollectForMetadataAllocation
Event: 2.070 Executing VM operation: CollectForMetadataAllocation done
Event: 2.072 loading class com/android/repository/impl/manager/RemoteRepoLoaderImpl$1
Event: 2.072 loading class com/android/repository/impl/manager/RemoteRepoLoaderImpl$1 done
Event: 2.073 loading class com/sun/org/glassfish/hk2/osgiresourcelocator/ServiceLoader
Event: 2.073 loading class com/sun/org/glassfish/hk2/osgiresourcelocator/ServiceLoader done


Dynamic libraries:
0x00007ff630f20000 - 0x00007ff630f57000 	C:\NVPACK\jdk1.8.0_77\bin\java.exe
0x00007ff834cd0000 - 0x00007ff834ec5000 	C:\WINDOWS\SYSTEM32\ntdll.dll
0x00007ff833df0000 - 0x00007ff833ead000 	C:\WINDOWS\System32\KERNEL32.DLL
0x00007ff832410000 - 0x00007ff8326d8000 	C:\WINDOWS\System32\KERNELBASE.dll
0x00007ff834b50000 - 0x00007ff834bfc000 	C:\WINDOWS\System32\ADVAPI32.dll
0x00007ff834240000 - 0x00007ff8342de000 	C:\WINDOWS\System32\msvcrt.dll
0x00007ff833490000 - 0x00007ff83352b000 	C:\WINDOWS\System32\sechost.dll
0x00007ff833170000 - 0x00007ff83329b000 	C:\WINDOWS\System32\RPCRT4.dll
0x00007ff8336e0000 - 0x00007ff833880000 	C:\WINDOWS\System32\USER32.dll
0x00007ff832960000 - 0x00007ff832982000 	C:\WINDOWS\System32\win32u.dll
0x00007ff833950000 - 0x00007ff83397a000 	C:\WINDOWS\System32\GDI32.dll
0x00007ff832b30000 - 0x00007ff832c3b000 	C:\WINDOWS\System32\gdi32full.dll
0x00007ff832730000 - 0x00007ff8327cd000 	C:\WINDOWS\System32\msvcp_win.dll
0x00007ff832c40000 - 0x00007ff832d40000 	C:\WINDOWS\System32\ucrtbase.dll
0x00007ff81f640000 - 0x00007ff81f8da000 	C:\WINDOWS\WinSxS\amd64_microsoft.windows.common-controls_6595b64144ccf1df_6.0.19041.1052_none_60b8f8fd71f5e8cb\COMCTL32.dll
0x00007ff833eb0000 - 0x00007ff833ee0000 	C:\WINDOWS\System32\IMM32.DLL
0x00000000768c0000 - 0x0000000076992000 	C:\NVPACK\jdk1.8.0_77\jre\bin\msvcr100.dll
0x00000000757c0000 - 0x0000000076050000 	C:\NVPACK\jdk1.8.0_77\jre\bin\server\jvm.dll
0x00007ff8342e0000 - 0x00007ff8342e8000 	C:\WINDOWS\System32\PSAPI.DLL
0x00007ff82df10000 - 0x00007ff82df19000 	C:\WINDOWS\SYSTEM32\WSOCK32.dll
0x00007ff8226b0000 - 0x00007ff8226d7000 	C:\WINDOWS\SYSTEM32\WINMM.dll
0x00007ff82b970000 - 0x00007ff82b97a000 	C:\WINDOWS\SYSTEM32\VERSION.dll
0x00007ff833660000 - 0x00007ff8336cb000 	C:\WINDOWS\System32\WS2_32.dll
0x0000000050010000 - 0x000000005001f000 	C:\NVPACK\jdk1.8.0_77\jre\bin\verify.dll
0x0000000077400000 - 0x0000000077429000 	C:\NVPACK\jdk1.8.0_77\jre\bin\java.dll
0x00000000773e0000 - 0x00000000773f6000 	C:\NVPACK\jdk1.8.0_77\jre\bin\zip.dll
0x00007ff834410000 - 0x00007ff834b4f000 	C:\WINDOWS\System32\SHELL32.dll
0x00007ff830560000 - 0x00007ff830cf0000 	C:\WINDOWS\SYSTEM32\windows.storage.dll
0x00007ff833ee0000 - 0x00007ff834235000 	C:\WINDOWS\System32\combase.dll
0x00007ff831e80000 - 0x00007ff831eac000 	C:\WINDOWS\SYSTEM32\Wldp.dll
0x00007ff8333e0000 - 0x00007ff83348e000 	C:\WINDOWS\System32\SHCORE.dll
0x00007ff833110000 - 0x00007ff833165000 	C:\WINDOWS\System32\shlwapi.dll
0x00007ff832350000 - 0x00007ff83236f000 	C:\WINDOWS\SYSTEM32\profapi.dll
0x00000000768a0000 - 0x00000000768ba000 	C:\NVPACK\jdk1.8.0_77\jre\bin\net.dll
0x00007ff831bf0000 - 0x00007ff831c5a000 	C:\WINDOWS\system32\mswsock.dll
0x0000000076880000 - 0x0000000076891000 	C:\NVPACK\jdk1.8.0_77\jre\bin\nio.dll
0x0000000076850000 - 0x0000000076874000 	C:\NVPACK\jdk1.8.0_77\jre\bin\sunec.dll
0x00007ff831dc0000 - 0x00007ff831dd8000 	C:\WINDOWS\SYSTEM32\CRYPTSP.dll
0x00007ff831520000 - 0x00007ff831554000 	C:\WINDOWS\system32\rsaenh.dll
0x00007ff8327d0000 - 0x00007ff8327f7000 	C:\WINDOWS\System32\bcrypt.dll
0x00007ff832310000 - 0x00007ff83233e000 	C:\WINDOWS\SYSTEM32\USERENV.dll
0x00007ff832990000 - 0x00007ff832a13000 	C:\WINDOWS\System32\bcryptprimitives.dll
0x00007ff831de0000 - 0x00007ff831dec000 	C:\WINDOWS\SYSTEM32\CRYPTBASE.dll
0x00007ff831890000 - 0x00007ff8318cb000 	C:\WINDOWS\SYSTEM32\IPHLPAPI.DLL
0x00007ff832fb0000 - 0x00007ff832fb8000 	C:\WINDOWS\System32\NSI.dll
0x00007ff827880000 - 0x00007ff827897000 	C:\WINDOWS\SYSTEM32\dhcpcsvc6.DLL
0x00007ff82a6a0000 - 0x00007ff82a6bd000 	C:\WINDOWS\SYSTEM32\dhcpcsvc.DLL
0x00007ff8318d0000 - 0x00007ff83199c000 	C:\WINDOWS\SYSTEM32\DNSAPI.dll
0x00007ff806770000 - 0x00007ff806787000 	C:\WINDOWS\system32\napinsp.dll
0x00007ff806430000 - 0x00007ff80644b000 	C:\WINDOWS\system32\pnrpnsp.dll
0x00007ff807e50000 - 0x00007ff807e65000 	C:\WINDOWS\system32\wshbth.dll
0x00007ff82de80000 - 0x00007ff82de9d000 	C:\WINDOWS\system32\NLAapi.dll
0x00007ff806410000 - 0x00007ff806422000 	C:\WINDOWS\System32\winrnr.dll
0x00007ff820a00000 - 0x00007ff820a0a000 	C:\Windows\System32\rasadhlp.dll
0x00007ff821250000 - 0x00007ff8212cf000 	C:\WINDOWS\System32\fwpuclnt.dll

VM Arguments:
jvm_args: -Dcom.android.sdklib.toolsdir=C:\NVPACK\android-sdk-windows\tools\bin\\.. 
java_command: com.android.sdklib.tool.sdkmanager.SdkManagerCli --list
java_class_path (initial): C:\NVPACK\android-sdk-windows\tools\bin\..\lib\dvlib-26.0.0-dev.jar;C:\NVPACK\android-sdk-windows\tools\bin\..\lib\jimfs-1.1.jar;C:\NVPACK\android-sdk-windows\tools\bin\..\lib\jsr305-1.3.9.jar;C:\NVPACK\android-sdk-windows\tools\bin\..\lib\repository-26.0.0-dev.jar;C:\NVPACK\android-sdk-windows\tools\bin\..\lib\j2objc-annotations-1.1.jar;C:\NVPACK\android-sdk-windows\tools\bin\..\lib\layoutlib-api-26.0.0-dev.jar;C:\NVPACK\android-sdk-windows\tools\bin\..\lib\gson-2.3.jar;C:\NVPACK\android-sdk-windows\tools\bin\..\lib\httpcore-4.2.5.jar;C:\NVPACK\android-sdk-windows\tools\bin\..\lib\commons-logging-1.1.1.jar;C:\NVPACK\android-sdk-windows\tools\bin\..\lib\commons-compress-1.12.jar;C:\NVPACK\android-sdk-windows\tools\bin\..\lib\annotations-26.0.0-dev.jar;C:\NVPACK\android-sdk-windows\tools\bin\..\lib\error_prone_annotations-2.0.18.jar;C:\NVPACK\android-sdk-windows\tools\bin\..\lib\animal-sniffer-annotations-1.14.jar;C:\NVPACK\android-sdk-windows\tools\bin\..\lib\httpclient-4.2.6.jar;C:\NVPACK\android-sdk-windows\tools\bin\..\lib\commons-codec-1.6.jar;C:\NVPACK\android-sdk-windows\tools\bin\..\lib\common-26.0.0-dev.jar;C:\NVPACK\android-sdk-windows\tools\bin\..\lib\kxml2-2.3.0.jar;C:\NVPACK\android-sdk-windows\tools\bin\..\lib\httpmime-4.1.jar;C:\NVPACK\android-sdk-windows\tools\bin\..\lib\annotations-12.0.jar;C:\NVPACK\android-sdk-windows\tools\bin\..\lib\sdklib-26.0.0-dev.jar;C:\NVPACK\android-sdk-windows\tools\bin\..\lib\guava-22.0.jar
Launcher Type: SUN_STANDARD

Environment Variables:
JAVA_HOME=C:\NVPACK\jdk1.8.0_77
CLASSPATH=C:\NVPACK\android-sdk-windows\tools\bin\..\lib\dvlib-26.0.0-dev.jar;C:\NVPACK\android-sdk-windows\tools\bin\..\lib\jimfs-1.1.jar;C:\NVPACK\android-sdk-windows\tools\bin\..\lib\jsr305-1.3.9.jar;C:\NVPACK\android-sdk-windows\tools\bin\..\lib\repository-26.0.0-dev.jar;C:\NVPACK\android-sdk-windows\tools\bin\..\lib\j2objc-annotations-1.1.jar;C:\NVPACK\android-sdk-windows\tools\bin\..\lib\layoutlib-api-26.0.0-dev.jar;C:\NVPACK\android-sdk-windows\tools\bin\..\lib\gson-2.3.jar;C:\NVPACK\android-sdk-windows\tools\bin\..\lib\httpcore-4.2.5.jar;C:\NVPACK\android-sdk-windows\tools\bin\..\lib\commons-logging-1.1.1.jar;C:\NVPACK\android-sdk-windows\tools\bin\..\lib\commons-compress-1.12.jar;C:\NVPACK\android-sdk-windows\tools\bin\..\lib\annotations-26.0.0-dev.jar;C:\NVPACK\android-sdk-windows\tools\bin\..\lib\error_prone_annotations-2.0.18.jar;C:\NVPACK\android-sdk-windows\tools\bin\..\lib\animal-sniffer-annotations-1.14.jar;C:\NVPACK\android-sdk-windows\tools\bin\..\lib\httpclient-4.2.6.jar;C:\NVPACK\android-sdk-windows\tools\bin\..\lib\commons-codec-1.6.jar;C:\NVPACK\android-sdk-windows\tools\bin\..\lib\common-26.0.0-dev.jar;C:\NVPACK\android-sdk-windows\tools\bin\..\lib\kxml2-2.3.0.jar;C:\NVPACK\android-sdk-windows\tools\bin\..\lib\httpmime-4.1.jar;C:\NVPACK\android-sdk-windows\tools\bin\..\lib\annotations-12.0.jar;C:\NVPACK\android-sdk-windows\tools\bin\..\lib\sdklib-26.0.0-dev.jar;C:\NVPACK\android-sdk-windows\tools\bin\..\lib\guava-22.0.jar
PATH=C:\ProgramData\Anaconda3;C:\ProgramData\Anaconda3\Library\mingw-w64\bin;C:\ProgramData\Anaconda3\Library\usr\bin;C:\ProgramData\Anaconda3\Library\bin;C:\ProgramData\Anaconda3\Scripts;C:\Program Files (x86)\Intel\Intel(R) Management Engine Components\iCLS\;C:\Program Files\Intel\Intel(R) Management Engine Components\iCLS\;C:\Program Files (x86)\Common Files\Intel\Shared Libraries\redist\intel64\compiler;C:\Windows\system32;C:\Windows;C:\Windows\System32\Wbem;C:\Windows\System32\WindowsPowerShell\v1.0\;C:\Windows\System32\OpenSSH\;C:\Program Files\dotnet\;C:\Program Files (x86)\NVIDIA Corporation\PhysX\Common;C:\Program Files (x86)\QuickTime\QTSystem\;C:\Program Files\Microsoft SQL Server\130\Tools\Binn\;C:\Program Files (x86)\PuTTY\;C:\Program Files (x86)\Intel\Intel(R) Management Engine Components\DAL;C:\Program Files\Intel\Intel(R) Management Engine Components\DAL;C:\Program Files\NVIDIA Corporation\NVIDIA NvDLISR;C:\WINDOWS\system32;C:\WINDOWS;C:\WINDOWS\System32\Wbem;C:\WINDOWS\System32\WindowsPowerShell\v1.0\;C:\WINDOWS\System32\OpenSSH\;C:\Program Files\Git\cmd;C:\NVPACK\android-sdk-windows\extras\android\support;C:\NVPACK\android-sdk-windows\build-tools;C:\NVPACK\android-sdk-windows\platform-tools;C:\NVPACK\android-sdk-windows\tools;C:\NVPACK\gradle-4.4.1\bin;C:\NVPACK\jdk1.8.0_77\bin;C:\NVPACK\android-ndk-r18b;C:\Users\user\AppData\Local\Programs\Python\Python38-32\Scripts\;C:\Users\user\AppData\Local\Programs\Python\Python38-32\;C:\Users\user\AppData\Local\Microsoft\WindowsApps;C:\Program Files\Bandizip\;;C:\Users\user\AppData\Local\Programs\Microsoft VS Code\bin;C:\Program Files\CMake\bin
USERNAME=user
OS=Windows_NT
PROCESSOR_IDENTIFIER=Intel64 Family 6 Model 158 Stepping 9, GenuineIntel



---------------  S Y S T E M  ---------------

OS: Windows 10.0 , 64 bit Build 19041 (10.0.19041.1023)

CPU:total 8 (4 cores per cpu, 2 threads per core) family 6 model 158 stepping 9, cmov, cx8, fxsr, mmx, sse, sse2, sse3, ssse3, sse4.1, sse4.2, popcnt, avx, avx2, aes, clmul, erms, 3dnowpref, lzcnt, ht, tsc, tscinvbit, bmi1, bmi2, adx

Memory: 4k page, physical 16687336k(4567516k free), swap 16687336k(4584k free)

vm_info: Java HotSpot(TM) 64-Bit Server VM (25.77-b03) for windows-amd64 JRE (1.8.0_77-b03), built on Mar 20 2016 22:01:33 by "java_re" with MS VC++ 10.0 (VS2010)

time: Sun Jun 20 16:04:21 2021
elapsed time: 2 seconds (0d 0h 0m 2s)

